# JRE version: OpenJDK Runtime Environment (11.0.10) (build 11.0.10+0-b96-7249189)
# Java VM: OpenJDK 64-Bit Server VM (11.0.10+0-b96-7249189, mixed mode, tiered, compressed oops, g1 gc, linux-amd64)
Heap:
 garbage-first heap   total 430080K, used 262626K [0x0000000080000000, 0x0000000100000000)
  region size 1024K, 48 young (49152K), 1 survivors (1024K)
 Metaspace       used 156697K, capacity 162139K, committed 162892K, reserved 1191936K
  class space    used 19021K, capacity 20948K, committed 21120K, reserved 1048576K
GC Heap History (20 events):
Event: 4003,324 GC heap before
{Heap before GC invocations=174 (full 0):
 garbage-first heap   total 430080K, used 323645K [0x0000000080000000, 0x0000000100000000)
  region size 1024K, 182 young (186368K), 10 survivors (10240K)
 Metaspace       used 154501K, capacity 160249K, committed 160460K, reserved 1189888K
  class space    used 18915K, capacity 20934K, committed 20992K, reserved 1048576K
}
Event: 4003,364 GC heap after
{Heap after GC invocations=175 (full 0):
 garbage-first heap   total 430080K, used 159921K [0x0000000080000000, 0x0000000100000000)
  region size 1024K, 22 young (22528K), 22 survivors (22528K)
 Metaspace       used 154501K, capacity 160249K, committed 160460K, reserved 1189888K
  class space    used 18915K, capacity 20934K, committed 20992K, reserved 1048576K
}
Event: 4003,373 GC heap before
{Heap before GC invocations=175 (full 0):
 garbage-first heap   total 430080K, used 160945K [0x0000000080000000, 0x0000000100000000)
  region size 1024K, 23 young (23552K), 22 survivors (22528K)
 Metaspace       used 154508K, capacity 160249K, committed 160460K, reserved 1189888K
  class space    used 18917K, capacity 20934K, committed 20992K, reserved 1048576K
}
Event: 4003,403 GC heap after
{Heap after GC invocations=176 (full 0):
 garbage-first heap   total 430080K, used 148058K [0x0000000080000000, 0x0000000100000000)
  region size 1024K, 2 young (2048K), 2 survivors (2048K)
 Metaspace       used 154508K, capacity 160249K, committed 160460K, reserved 1189888K
  class space    used 18917K, capacity 20934K, committed 20992K, reserved 1048576K
}
Event: 4806,302 GC heap before
{Heap before GC invocations=176 (full 0):
 garbage-first heap   total 430080K, used 326234K [0x0000000080000000, 0x0000000100000000)
  region size 1024K, 177 young (181248K), 2 survivors (2048K)
 Metaspace       used 155102K, capacity 161034K, committed 161356K, reserved 1189888K
  class space    used 18966K, capacity 21050K, committed 21120K, reserved 1048576K
}
Event: 4806,358 GC heap after
{Heap after GC invocations=177 (full 0):
 garbage-first heap   total 430080K, used 159207K [0x0000000080000000, 0x0000000100000000)
  region size 1024K, 13 young (13312K), 13 survivors (13312K)
 Metaspace       used 155102K, capacity 161034K, committed 161356K, reserved 1189888K
  class space    used 18966K, capacity 21050K, committed 21120K, reserved 1048576K
}
Event: 4808,329 GC heap before
{Heap before GC invocations=178 (full 0):
 garbage-first heap   total 430080K, used 346599K [0x0000000080000000, 0x0000000100000000)
  region size 1024K, 184 young (188416K), 13 survivors (13312K)
 Metaspace       used 155182K, capacity 160883K, committed 161356K, reserved 1189888K
  class space    used 18905K, capacity 20888K, committed 21120K, reserved 1048576K
}
Event: 4808,412 GC heap after
{Heap after GC invocations=179 (full 0):
 garbage-first heap   total 430080K, used 198495K [0x0000000080000000, 0x0000000100000000)
  region size 1024K, 23 young (23552K), 23 survivors (23552K)
 Metaspace       used 155182K, capacity 160883K, committed 161356K, reserved 1189888K
  class space    used 18905K, capacity 20888K, committed 21120K, reserved 1048576K
}
Event: 4808,414 GC heap before
{Heap before GC invocations=179 (full 0):
 garbage-first heap   total 430080K, used 199519K [0x0000000080000000, 0x0000000100000000)
  region size 1024K, 24 young (24576K), 23 survivors (23552K)
 Metaspace       used 155182K, capacity 160883K, committed 161356K, reserved 1189888K
  class space    used 18905K, capacity 20888K, committed 21120K, reserved 1048576K
}
Event: 4808,482 GC heap after
{Heap after GC invocations=180 (full 0):
 garbage-first heap   total 430080K, used 192512K [0x0000000080000000, 0x0000000100000000)
  region size 1024K, 2 young (2048K), 2 survivors (2048K)
 Metaspace       used 155182K, capacity 160883K, committed 161356K, reserved 1189888K
  class space    used 18905K, capacity 20888K, committed 21120K, reserved 1048576K
}
Event: 4808,561 GC heap before
{Heap before GC invocations=180 (full 0):
 garbage-first heap   total 430080K, used 329728K [0x0000000080000000, 0x0000000100000000)
  region size 1024K, 136 young (139264K), 2 survivors (2048K)
 Metaspace       used 155184K, capacity 160884K, committed 161356K, reserved 1189888K
  class space    used 18905K, capacity 20888K, committed 21120K, reserved 1048576K
}
Event: 4808,578 GC heap after
{Heap after GC invocations=181 (full 0):
 garbage-first heap   total 430080K, used 191742K [0x0000000080000000, 0x0000000100000000)
  region size 1024K, 1 young (1024K), 1 survivors (1024K)
 Metaspace       used 155184K, capacity 160884K, committed 161356K, reserved 1189888K
  class space    used 18905K, capacity 20888K, committed 21120K, reserved 1048576K
}
Event: 4809,565 GC heap before
{Heap before GC invocations=181 (full 0):
 garbage-first heap   total 430080K, used 348414K [0x0000000080000000, 0x0000000100000000)
  region size 1024K, 142 young (145408K), 1 survivors (1024K)
 Metaspace       used 155071K, capacity 160462K, committed 161612K, reserved 1189888K
  class space    used 18839K, capacity 20736K, committed 21120K, reserved 1048576K
}
Event: 4809,587 GC heap after
{Heap after GC invocations=182 (full 0):
 garbage-first heap   total 430080K, used 199493K [0x0000000080000000, 0x0000000100000000)
  region size 1024K, 13 young (13312K), 13 survivors (13312K)
 Metaspace       used 155071K, capacity 160462K, committed 161612K, reserved 1189888K
  class space    used 18839K, capacity 20736K, committed 21120K, reserved 1048576K
}
Event: 4810,441 GC heap before
{Heap before GC invocations=183 (full 0):
 garbage-first heap   total 430080K, used 330565K [0x0000000080000000, 0x0000000100000000)
  region size 1024K, 134 young (137216K), 13 survivors (13312K)
 Metaspace       used 156145K, capacity 161604K, committed 162380K, reserved 1189888K
  class space    used 18950K, capacity 20867K, committed 21120K, reserved 1048576K
}
Event: 4810,472 GC heap after
{Heap after GC invocations=184 (full 0):
 garbage-first heap   total 430080K, used 197980K [0x0000000080000000, 0x0000000100000000)
  region size 1024K, 10 young (10240K), 10 survivors (10240K)
 Metaspace       used 156145K, capacity 161604K, committed 162380K, reserved 1189888K
  class space    used 18950K, capacity 20867K, committed 21120K, reserved 1048576K
}
Event: 4810,548 GC heap before
{Heap before GC invocations=184 (full 0):
 garbage-first heap   total 430080K, used 209244K [0x0000000080000000, 0x0000000100000000)
  region size 1024K, 21 young (21504K), 10 survivors (10240K)
 Metaspace       used 156214K, capacity 161637K, committed 162380K, reserved 1189888K
  class space    used 18962K, capacity 20878K, committed 21120K, reserved 1048576K
}
Event: 4810,605 GC heap after
{Heap after GC invocations=185 (full 0):
 garbage-first heap   total 430080K, used 185690K [0x0000000080000000, 0x0000000100000000)
  region size 1024K, 2 young (2048K), 2 survivors (2048K)
 Metaspace       used 156214K, capacity 161637K, committed 162380K, reserved 1189888K
  class space    used 18962K, capacity 20878K, committed 21120K, reserved 1048576K
}
Event: 4811,104 GC heap before
{Heap before GC invocations=185 (full 0):
 garbage-first heap   total 430080K, used 231770K [0x0000000080000000, 0x0000000100000000)
  region size 1024K, 49 young (50176K), 2 survivors (2048K)
 Metaspace       used 156685K, capacity 162139K, committed 162892K, reserved 1191936K
  class space    used 19021K, capacity 20948K, committed 21120K, reserved 1048576K
}
Event: 4811,121 GC heap after
{Heap after GC invocations=186 (full 0):
 garbage-first heap   total 430080K, used 184802K [0x0000000080000000, 0x0000000100000000)
  region size 1024K, 1 young (1024K), 1 survivors (1024K)
 Metaspace       used 156685K, capacity 162139K, committed 162892K, reserved 1191936K
  class space    used 19021K, capacity 20948K, committed 21120K, reserved 1048576K
}

